[0.010s] Invoking command in '/home/jatinarora/nav2_safeplan/build/nav2_straightline_planner': CMAKE_PREFIX_PATH=${CMAKE_PREFIX_PATH}:/home/jatinarora/acil_turtlebot_code/install/robot_control:/home/jatinarora/turtlebot3_ws/install/turtlebot3_teleop:/home/jatinarora/turtlebot3_ws/install/turtlebot3_example:/home/jatinarora/turtlebot3_ws/install/turtlebot3_dqn:/home/jatinarora/nav2_safeplan/install/safeplan_ros2:/opt/ros/humble /usr/bin/cmake /home/jatinarora/nav2_safeplan/src/nav2_straightline_planner -DCMAKE_INSTALL_PREFIX=/home/jatinarora/nav2_safeplan/install/nav2_straightline_planner
[0.109s] -- The C compiler identification is GNU 11.4.0
[0.165s] -- The CXX compiler identification is GNU 11.4.0
[0.172s] -- Detecting C compiler ABI info
[0.224s] -- Detecting C compiler ABI info - done
[0.230s] -- Check for working C compiler: /usr/bin/cc - skipped
[0.230s] -- Detecting C compile features
[0.230s] -- Detecting C compile features - done
[0.233s] -- Detecting CXX compiler ABI info
[0.289s] -- Detecting CXX compiler ABI info - done
[0.293s] -- Check for working CXX compiler: /usr/bin/c++ - skipped
[0.293s] -- Detecting CXX compile features
[0.293s] -- Detecting CXX compile features - done
[0.301s] -- Found ament_cmake: 1.3.12 (/opt/ros/humble/share/ament_cmake/cmake)
[0.428s] -- Found Python3: /usr/bin/python3 (found version "3.10.12") found components: Interpreter 
[0.519s] -- Found rclcpp: 16.0.15 (/opt/ros/humble/share/rclcpp/cmake)
[0.565s] -- Found rosidl_generator_c: 3.1.7 (/opt/ros/humble/share/rosidl_generator_c/cmake)
[0.570s] -- Found rosidl_adapter: 3.1.7 (/opt/ros/humble/share/rosidl_adapter/cmake)
[0.577s] -- Found rosidl_generator_cpp: 3.1.7 (/opt/ros/humble/share/rosidl_generator_cpp/cmake)
[0.588s] -- Using all available rosidl_typesupport_c: rosidl_typesupport_fastrtps_c;rosidl_typesupport_introspection_c
[0.602s] -- Using all available rosidl_typesupport_cpp: rosidl_typesupport_fastrtps_cpp;rosidl_typesupport_introspection_cpp
[0.641s] -- Found rmw_implementation_cmake: 6.1.2 (/opt/ros/humble/share/rmw_implementation_cmake/cmake)
[0.644s] -- Found rmw_fastrtps_cpp: 6.2.8 (/opt/ros/humble/share/rmw_fastrtps_cpp/cmake)
[0.715s] -- Found OpenSSL: /usr/lib/x86_64-linux-gnu/libcrypto.so (found version "3.0.2")  
[0.737s] -- Found FastRTPS: /opt/ros/humble/include  
[0.769s] -- Using RMW implementation 'rmw_fastrtps_cpp' as default
[0.784s] -- Looking for pthread.h
[0.843s] -- Looking for pthread.h - found
[0.844s] -- Performing Test CMAKE_HAVE_LIBC_PTHREAD
[0.897s] -- Performing Test CMAKE_HAVE_LIBC_PTHREAD - Success
[0.898s] -- Found Threads: TRUE  
[0.941s] -- Found rclcpp_action: 16.0.15 (/opt/ros/humble/share/rclcpp_action/cmake)
[0.969s] -- Found rclcpp_lifecycle: 16.0.15 (/opt/ros/humble/share/rclcpp_lifecycle/cmake)
[0.985s] -- Found visualization_msgs: 4.9.0 (/opt/ros/humble/share/visualization_msgs/cmake)
[1.025s] -- Found nav2_util: 1.1.18 (/opt/ros/humble/share/nav2_util/cmake)
[1.126s] -- Found eigen3_cmake_module: 0.1.1 (/opt/ros/humble/share/eigen3_cmake_module/cmake)
[1.127s] -- Found Eigen3: TRUE (found version "3.4.0") 
[1.127s] -- Ensuring Eigen3 include directory is part of orocos-kdl CMake target
[1.153s] -- Found nav2_costmap_2d: 1.1.18 (/opt/ros/humble/share/nav2_costmap_2d/cmake)
[1.213s] -- Found nav2_core: 1.1.18 (/opt/ros/humble/share/nav2_core/cmake)
[1.281s] -- Found ament_lint_auto: 0.12.14 (/opt/ros/humble/share/ament_lint_auto/cmake)
[1.341s] -- Added test 'copyright' to check source files copyright and LICENSE
[1.342s] -- Added test 'cppcheck' to perform static code analysis on C / C++ code
[1.342s] -- Configured cppcheck include dirs: /home/jatinarora/nav2_safeplan/src/nav2_straightline_planner/include
[1.342s] -- Configured cppcheck exclude dirs and/or files: 
[1.343s] -- Added test 'cpplint' to check C / C++ code against the Google style
[1.343s] -- Configured cpplint exclude dirs and/or files: 
[1.343s] -- Added test 'lint_cmake' to check CMake code style
[1.344s] -- Added test 'uncrustify' to check C / C++ code style
[1.344s] -- Configured uncrustify additional arguments: 
[1.344s] -- Added test 'xmllint' to check XML markup files
[1.347s] -- Configuring done
[1.407s] -- Generating done
[1.411s] -- Build files have been written to: /home/jatinarora/nav2_safeplan/build/nav2_straightline_planner
[1.417s] Invoked command in '/home/jatinarora/nav2_safeplan/build/nav2_straightline_planner' returned '0': CMAKE_PREFIX_PATH=${CMAKE_PREFIX_PATH}:/home/jatinarora/acil_turtlebot_code/install/robot_control:/home/jatinarora/turtlebot3_ws/install/turtlebot3_teleop:/home/jatinarora/turtlebot3_ws/install/turtlebot3_example:/home/jatinarora/turtlebot3_ws/install/turtlebot3_dqn:/home/jatinarora/nav2_safeplan/install/safeplan_ros2:/opt/ros/humble /usr/bin/cmake /home/jatinarora/nav2_safeplan/src/nav2_straightline_planner -DCMAKE_INSTALL_PREFIX=/home/jatinarora/nav2_safeplan/install/nav2_straightline_planner
[1.418s] Invoking command in '/home/jatinarora/nav2_safeplan/build/nav2_straightline_planner': CMAKE_PREFIX_PATH=${CMAKE_PREFIX_PATH}:/home/jatinarora/acil_turtlebot_code/install/robot_control:/home/jatinarora/turtlebot3_ws/install/turtlebot3_teleop:/home/jatinarora/turtlebot3_ws/install/turtlebot3_example:/home/jatinarora/turtlebot3_ws/install/turtlebot3_dqn:/home/jatinarora/nav2_safeplan/install/safeplan_ros2:/opt/ros/humble /usr/bin/cmake --build /home/jatinarora/nav2_safeplan/build/nav2_straightline_planner -- -j20 -l20
[1.454s] [ 50%] [32mBuilding CXX object CMakeFiles/nav2_straightline_planner_plugin.dir/src/straight_line_planner.cpp.o[0m
[7.859s] [100%] [32m[1mLinking CXX shared library libnav2_straightline_planner_plugin.so[0m
[8.405s] [100%] Built target nav2_straightline_planner_plugin
[8.416s] Invoked command in '/home/jatinarora/nav2_safeplan/build/nav2_straightline_planner' returned '0': CMAKE_PREFIX_PATH=${CMAKE_PREFIX_PATH}:/home/jatinarora/acil_turtlebot_code/install/robot_control:/home/jatinarora/turtlebot3_ws/install/turtlebot3_teleop:/home/jatinarora/turtlebot3_ws/install/turtlebot3_example:/home/jatinarora/turtlebot3_ws/install/turtlebot3_dqn:/home/jatinarora/nav2_safeplan/install/safeplan_ros2:/opt/ros/humble /usr/bin/cmake --build /home/jatinarora/nav2_safeplan/build/nav2_straightline_planner -- -j20 -l20
[8.423s] Invoking command in '/home/jatinarora/nav2_safeplan/build/nav2_straightline_planner': CMAKE_PREFIX_PATH=${CMAKE_PREFIX_PATH}:/home/jatinarora/acil_turtlebot_code/install/robot_control:/home/jatinarora/turtlebot3_ws/install/turtlebot3_teleop:/home/jatinarora/turtlebot3_ws/install/turtlebot3_example:/home/jatinarora/turtlebot3_ws/install/turtlebot3_dqn:/home/jatinarora/nav2_safeplan/install/safeplan_ros2:/opt/ros/humble /usr/bin/cmake --install /home/jatinarora/nav2_safeplan/build/nav2_straightline_planner
[8.428s] -- Install configuration: ""
[8.429s] -- Installing: /home/jatinarora/nav2_safeplan/install/nav2_straightline_planner/share/nav2_straightline_planner/global_planner_plugin.xml
[8.429s] -- Installing: /home/jatinarora/nav2_safeplan/install/nav2_straightline_planner/lib/libnav2_straightline_planner_plugin.so
[8.433s] -- Set runtime path of "/home/jatinarora/nav2_safeplan/install/nav2_straightline_planner/lib/libnav2_straightline_planner_plugin.so" to ""
[8.433s] -- Installing: /home/jatinarora/nav2_safeplan/install/nav2_straightline_planner/include/
[8.433s] -- Installing: /home/jatinarora/nav2_safeplan/install/nav2_straightline_planner/include//nav2_straightline_planner
[8.433s] -- Installing: /home/jatinarora/nav2_safeplan/install/nav2_straightline_planner/include//nav2_straightline_planner/straight_line_planner.hpp
[8.433s] -- Up-to-date: /home/jatinarora/nav2_safeplan/install/nav2_straightline_planner/share/nav2_straightline_planner/global_planner_plugin.xml
[8.433s] -- Installing: /home/jatinarora/nav2_safeplan/install/nav2_straightline_planner/share/nav2_straightline_planner/environment/library_path.sh
[8.433s] -- Installing: /home/jatinarora/nav2_safeplan/install/nav2_straightline_planner/share/nav2_straightline_planner/environment/library_path.dsv
[8.434s] -- Installing: /home/jatinarora/nav2_safeplan/install/nav2_straightline_planner/share/ament_index/resource_index/package_run_dependencies/nav2_straightline_planner
[8.434s] -- Installing: /home/jatinarora/nav2_safeplan/install/nav2_straightline_planner/share/ament_index/resource_index/parent_prefix_path/nav2_straightline_planner
[8.434s] -- Installing: /home/jatinarora/nav2_safeplan/install/nav2_straightline_planner/share/nav2_straightline_planner/environment/ament_prefix_path.sh
[8.434s] -- Installing: /home/jatinarora/nav2_safeplan/install/nav2_straightline_planner/share/nav2_straightline_planner/environment/ament_prefix_path.dsv
[8.434s] -- Installing: /home/jatinarora/nav2_safeplan/install/nav2_straightline_planner/share/nav2_straightline_planner/environment/path.sh
[8.434s] -- Installing: /home/jatinarora/nav2_safeplan/install/nav2_straightline_planner/share/nav2_straightline_planner/environment/path.dsv
[8.434s] -- Installing: /home/jatinarora/nav2_safeplan/install/nav2_straightline_planner/share/nav2_straightline_planner/local_setup.bash
[8.435s] -- Installing: /home/jatinarora/nav2_safeplan/install/nav2_straightline_planner/share/nav2_straightline_planner/local_setup.sh
[8.435s] -- Installing: /home/jatinarora/nav2_safeplan/install/nav2_straightline_planner/share/nav2_straightline_planner/local_setup.zsh
[8.435s] -- Installing: /home/jatinarora/nav2_safeplan/install/nav2_straightline_planner/share/nav2_straightline_planner/local_setup.dsv
[8.435s] -- Installing: /home/jatinarora/nav2_safeplan/install/nav2_straightline_planner/share/nav2_straightline_planner/package.dsv
[8.435s] -- Installing: /home/jatinarora/nav2_safeplan/install/nav2_straightline_planner/share/ament_index/resource_index/packages/nav2_straightline_planner
[8.435s] -- Installing: /home/jatinarora/nav2_safeplan/install/nav2_straightline_planner/share/ament_index/resource_index/nav2_core__pluginlib__plugin/nav2_straightline_planner
[8.435s] -- Installing: /home/jatinarora/nav2_safeplan/install/nav2_straightline_planner/share/nav2_straightline_planner/cmake/ament_cmake_export_include_directories-extras.cmake
[8.435s] -- Installing: /home/jatinarora/nav2_safeplan/install/nav2_straightline_planner/share/nav2_straightline_planner/cmake/ament_cmake_export_libraries-extras.cmake
[8.435s] -- Installing: /home/jatinarora/nav2_safeplan/install/nav2_straightline_planner/share/nav2_straightline_planner/cmake/ament_cmake_export_dependencies-extras.cmake
[8.435s] -- Installing: /home/jatinarora/nav2_safeplan/install/nav2_straightline_planner/share/nav2_straightline_planner/cmake/nav2_straightline_plannerConfig.cmake
[8.435s] -- Installing: /home/jatinarora/nav2_safeplan/install/nav2_straightline_planner/share/nav2_straightline_planner/cmake/nav2_straightline_plannerConfig-version.cmake
[8.435s] -- Installing: /home/jatinarora/nav2_safeplan/install/nav2_straightline_planner/share/nav2_straightline_planner/package.xml
[8.437s] Invoked command in '/home/jatinarora/nav2_safeplan/build/nav2_straightline_planner' returned '0': CMAKE_PREFIX_PATH=${CMAKE_PREFIX_PATH}:/home/jatinarora/acil_turtlebot_code/install/robot_control:/home/jatinarora/turtlebot3_ws/install/turtlebot3_teleop:/home/jatinarora/turtlebot3_ws/install/turtlebot3_example:/home/jatinarora/turtlebot3_ws/install/turtlebot3_dqn:/home/jatinarora/nav2_safeplan/install/safeplan_ros2:/opt/ros/humble /usr/bin/cmake --install /home/jatinarora/nav2_safeplan/build/nav2_straightline_planner
