[0.090s] DEBUG:colcon:Command line arguments: ['/usr/bin/colcon', 'build']
[0.090s] DEBUG:colcon:Parsed command line arguments: Namespace(log_base=None, log_level=None, verb_name='build', build_base='build', install_base='install', merge_install=False, symlink_install=False, test_result_base=None, continue_on_error=False, executor='parallel', parallel_workers=20, event_handlers=None, ignore_user_meta=False, metas=['./colcon.meta'], base_paths=['.'], packages_ignore=None, packages_ignore_regex=None, paths=None, packages_up_to=None, packages_up_to_regex=None, packages_above=None, packages_above_and_dependencies=None, packages_above_depth=None, packages_select_by_dep=None, packages_skip_by_dep=None, packages_skip_up_to=None, packages_select_build_failed=False, packages_skip_build_finished=False, packages_select_test_failures=False, packages_skip_test_passed=False, packages_select=None, packages_skip=None, packages_select_regex=None, packages_skip_regex=None, packages_start=None, packages_end=None, allow_overriding=[], cmake_args=None, cmake_target=None, cmake_target_skip_unavailable=False, cmake_clean_cache=False, cmake_clean_first=False, cmake_force_configure=False, ament_cmake_args=None, catkin_cmake_args=None, catkin_skip_building_tests=False, verb_parser=<colcon_defaults.argument_parser.defaults.DefaultArgumentsDecorator object at 0x7fd4afdb4190>, verb_extension=<colcon_core.verb.build.BuildVerb object at 0x7fd4afd73c40>, main=<bound method BuildVerb.main of <colcon_core.verb.build.BuildVerb object at 0x7fd4afd73c40>>)
[0.257s] Level 1:colcon.colcon_core.package_discovery:discover_packages(colcon_meta) check parameters
[0.257s] Level 1:colcon.colcon_core.package_discovery:discover_packages(recursive) check parameters
[0.257s] Level 1:colcon.colcon_core.package_discovery:discover_packages(ignore) check parameters
[0.257s] Level 1:colcon.colcon_core.package_discovery:discover_packages(path) check parameters
[0.257s] Level 1:colcon.colcon_core.package_discovery:discover_packages(colcon_meta) discover
[0.257s] Level 1:colcon.colcon_core.package_discovery:discover_packages(recursive) discover
[0.257s] INFO:colcon.colcon_core.package_discovery:Crawling recursively for packages in '/home/jatinarora/nav2_safeplan'
[0.257s] Level 1:colcon.colcon_core.package_identification:_identify(.) by extensions ['ignore', 'ignore_ament_install']
[0.257s] Level 1:colcon.colcon_core.package_identification:_identify(.) by extension 'ignore'
[0.257s] Level 1:colcon.colcon_core.package_identification:_identify(.) by extension 'ignore_ament_install'
[0.258s] Level 1:colcon.colcon_core.package_identification:_identify(.) by extensions ['colcon_pkg']
[0.258s] Level 1:colcon.colcon_core.package_identification:_identify(.) by extension 'colcon_pkg'
[0.258s] Level 1:colcon.colcon_core.package_identification:_identify(.) by extensions ['colcon_meta']
[0.258s] Level 1:colcon.colcon_core.package_identification:_identify(.) by extension 'colcon_meta'
[0.258s] Level 1:colcon.colcon_core.package_identification:_identify(.) by extensions ['ros']
[0.258s] Level 1:colcon.colcon_core.package_identification:_identify(.) by extension 'ros'
[0.264s] Level 1:colcon.colcon_core.package_identification:_identify(.) by extensions ['cmake', 'python']
[0.264s] Level 1:colcon.colcon_core.package_identification:_identify(.) by extension 'cmake'
[0.264s] Level 1:colcon.colcon_core.package_identification:_identify(.) by extension 'python'
[0.264s] Level 1:colcon.colcon_core.package_identification:_identify(.) by extensions ['python_setup_py']
[0.264s] Level 1:colcon.colcon_core.package_identification:_identify(.) by extension 'python_setup_py'
[0.264s] Level 1:colcon.colcon_core.package_identification:_identify(build) by extensions ['ignore', 'ignore_ament_install']
[0.265s] Level 1:colcon.colcon_core.package_identification:_identify(build) by extension 'ignore'
[0.265s] Level 1:colcon.colcon_core.package_identification:_identify(build) ignored
[0.265s] Level 1:colcon.colcon_core.package_identification:_identify(install) by extensions ['ignore', 'ignore_ament_install']
[0.265s] Level 1:colcon.colcon_core.package_identification:_identify(install) by extension 'ignore'
[0.265s] Level 1:colcon.colcon_core.package_identification:_identify(install) ignored
[0.265s] Level 1:colcon.colcon_core.package_identification:_identify(log) by extensions ['ignore', 'ignore_ament_install']
[0.265s] Level 1:colcon.colcon_core.package_identification:_identify(log) by extension 'ignore'
[0.265s] Level 1:colcon.colcon_core.package_identification:_identify(log) ignored
[0.265s] Level 1:colcon.colcon_core.package_identification:_identify(src) by extensions ['ignore', 'ignore_ament_install']
[0.265s] Level 1:colcon.colcon_core.package_identification:_identify(src) by extension 'ignore'
[0.265s] Level 1:colcon.colcon_core.package_identification:_identify(src) by extension 'ignore_ament_install'
[0.265s] Level 1:colcon.colcon_core.package_identification:_identify(src) by extensions ['colcon_pkg']
[0.265s] Level 1:colcon.colcon_core.package_identification:_identify(src) by extension 'colcon_pkg'
[0.265s] Level 1:colcon.colcon_core.package_identification:_identify(src) by extensions ['colcon_meta']
[0.265s] Level 1:colcon.colcon_core.package_identification:_identify(src) by extension 'colcon_meta'
[0.265s] Level 1:colcon.colcon_core.package_identification:_identify(src) by extensions ['ros']
[0.265s] Level 1:colcon.colcon_core.package_identification:_identify(src) by extension 'ros'
[0.265s] Level 1:colcon.colcon_core.package_identification:_identify(src) by extensions ['cmake', 'python']
[0.265s] Level 1:colcon.colcon_core.package_identification:_identify(src) by extension 'cmake'
[0.265s] Level 1:colcon.colcon_core.package_identification:_identify(src) by extension 'python'
[0.265s] Level 1:colcon.colcon_core.package_identification:_identify(src) by extensions ['python_setup_py']
[0.265s] Level 1:colcon.colcon_core.package_identification:_identify(src) by extension 'python_setup_py'
[0.265s] Level 1:colcon.colcon_core.package_identification:_identify(src/nav2_straightline_planner) by extensions ['ignore', 'ignore_ament_install']
[0.265s] Level 1:colcon.colcon_core.package_identification:_identify(src/nav2_straightline_planner) by extension 'ignore'
[0.265s] Level 1:colcon.colcon_core.package_identification:_identify(src/nav2_straightline_planner) by extension 'ignore_ament_install'
[0.265s] Level 1:colcon.colcon_core.package_identification:_identify(src/nav2_straightline_planner) by extensions ['colcon_pkg']
[0.265s] Level 1:colcon.colcon_core.package_identification:_identify(src/nav2_straightline_planner) by extension 'colcon_pkg'
[0.265s] Level 1:colcon.colcon_core.package_identification:_identify(src/nav2_straightline_planner) by extensions ['colcon_meta']
[0.265s] Level 1:colcon.colcon_core.package_identification:_identify(src/nav2_straightline_planner) by extension 'colcon_meta'
[0.265s] Level 1:colcon.colcon_core.package_identification:_identify(src/nav2_straightline_planner) by extensions ['ros']
[0.265s] Level 1:colcon.colcon_core.package_identification:_identify(src/nav2_straightline_planner) by extension 'ros'
[0.267s] DEBUG:colcon.colcon_core.package_identification:Package 'src/nav2_straightline_planner' with type 'ros.ament_cmake' and name 'nav2_straightline_planner'
[0.267s] Level 1:colcon.colcon_core.package_identification:_identify(src/safeplan_ros2) by extensions ['ignore', 'ignore_ament_install']
[0.267s] Level 1:colcon.colcon_core.package_identification:_identify(src/safeplan_ros2) by extension 'ignore'
[0.267s] Level 1:colcon.colcon_core.package_identification:_identify(src/safeplan_ros2) by extension 'ignore_ament_install'
[0.268s] Level 1:colcon.colcon_core.package_identification:_identify(src/safeplan_ros2) by extensions ['colcon_pkg']
[0.268s] Level 1:colcon.colcon_core.package_identification:_identify(src/safeplan_ros2) by extension 'colcon_pkg'
[0.268s] Level 1:colcon.colcon_core.package_identification:_identify(src/safeplan_ros2) by extensions ['colcon_meta']
[0.268s] Level 1:colcon.colcon_core.package_identification:_identify(src/safeplan_ros2) by extension 'colcon_meta'
[0.268s] Level 1:colcon.colcon_core.package_identification:_identify(src/safeplan_ros2) by extensions ['ros']
[0.268s] Level 1:colcon.colcon_core.package_identification:_identify(src/safeplan_ros2) by extension 'ros'
[0.268s] DEBUG:colcon.colcon_core.package_identification:Package 'src/safeplan_ros2' with type 'ros.ament_python' and name 'safeplan_ros2'
[0.268s] Level 1:colcon.colcon_core.package_discovery:discover_packages(recursive) using defaults
[0.268s] Level 1:colcon.colcon_core.package_discovery:discover_packages(ignore) discover
[0.268s] Level 1:colcon.colcon_core.package_discovery:discover_packages(ignore) using defaults
[0.268s] Level 1:colcon.colcon_core.package_discovery:discover_packages(path) discover
[0.268s] Level 1:colcon.colcon_core.package_discovery:discover_packages(path) using defaults
[0.283s] Level 1:colcon.colcon_core.package_discovery:discover_packages(prefix_path) check parameters
[0.283s] Level 1:colcon.colcon_core.package_discovery:discover_packages(prefix_path) discover
[0.286s] WARNING:colcon.colcon_ros.prefix_path.ament:The path '/home/jatinarora/nav2_safeplan/install/safeplan_ros2' in the environment variable AMENT_PREFIX_PATH doesn't exist
[0.287s] WARNING:colcon.colcon_ros.prefix_path.ament:The path '/home/jatinarora/nav2_safeplan/install/nav2_straightline_planner' in the environment variable AMENT_PREFIX_PATH doesn't exist
[0.287s] WARNING:colcon.colcon_ros.prefix_path.catkin:The path '/home/jatinarora/nav2_safeplan/install/nav2_straightline_planner' in the environment variable CMAKE_PREFIX_PATH doesn't exist
[0.288s] DEBUG:colcon.colcon_installed_package_information.package_discovery:Found 1 installed packages in /home/jatinarora/acil_turtlebot_code/install
[0.288s] DEBUG:colcon.colcon_installed_package_information.package_discovery:Found 0 installed packages in /home/jatinarora/nav2_safeplan/install
[0.293s] DEBUG:colcon.colcon_installed_package_information.package_discovery:Found 18 installed packages in /home/jatinarora/turtlebot3_ws/install
[0.294s] DEBUG:colcon.colcon_installed_package_information.package_discovery:Found 375 installed packages in /opt/ros/humble
[0.295s] Level 1:colcon.colcon_core.package_discovery:discover_packages(prefix_path) using defaults
[0.367s] Level 5:colcon.colcon_core.verb:set package 'nav2_straightline_planner' build argument 'cmake_args' from command line to 'None'
[0.367s] Level 5:colcon.colcon_core.verb:set package 'nav2_straightline_planner' build argument 'cmake_target' from command line to 'None'
[0.367s] Level 5:colcon.colcon_core.verb:set package 'nav2_straightline_planner' build argument 'cmake_target_skip_unavailable' from command line to 'False'
[0.367s] Level 5:colcon.colcon_core.verb:set package 'nav2_straightline_planner' build argument 'cmake_clean_cache' from command line to 'False'
[0.367s] Level 5:colcon.colcon_core.verb:set package 'nav2_straightline_planner' build argument 'cmake_clean_first' from command line to 'False'
[0.367s] Level 5:colcon.colcon_core.verb:set package 'nav2_straightline_planner' build argument 'cmake_force_configure' from command line to 'False'
[0.367s] Level 5:colcon.colcon_core.verb:set package 'nav2_straightline_planner' build argument 'ament_cmake_args' from command line to 'None'
[0.367s] Level 5:colcon.colcon_core.verb:set package 'nav2_straightline_planner' build argument 'catkin_cmake_args' from command line to 'None'
[0.367s] Level 5:colcon.colcon_core.verb:set package 'nav2_straightline_planner' build argument 'catkin_skip_building_tests' from command line to 'False'
[0.367s] DEBUG:colcon.colcon_core.verb:Building package 'nav2_straightline_planner' with the following arguments: {'ament_cmake_args': None, 'build_base': '/home/jatinarora/nav2_safeplan/build/nav2_straightline_planner', 'catkin_cmake_args': None, 'catkin_skip_building_tests': False, 'cmake_args': None, 'cmake_clean_cache': False, 'cmake_clean_first': False, 'cmake_force_configure': False, 'cmake_target': None, 'cmake_target_skip_unavailable': False, 'install_base': '/home/jatinarora/nav2_safeplan/install/nav2_straightline_planner', 'merge_install': False, 'path': '/home/jatinarora/nav2_safeplan/src/nav2_straightline_planner', 'symlink_install': False, 'test_result_base': None}
[0.367s] Level 5:colcon.colcon_core.verb:set package 'safeplan_ros2' build argument 'cmake_args' from command line to 'None'
[0.367s] Level 5:colcon.colcon_core.verb:set package 'safeplan_ros2' build argument 'cmake_target' from command line to 'None'
[0.367s] Level 5:colcon.colcon_core.verb:set package 'safeplan_ros2' build argument 'cmake_target_skip_unavailable' from command line to 'False'
[0.367s] Level 5:colcon.colcon_core.verb:set package 'safeplan_ros2' build argument 'cmake_clean_cache' from command line to 'False'
[0.367s] Level 5:colcon.colcon_core.verb:set package 'safeplan_ros2' build argument 'cmake_clean_first' from command line to 'False'
[0.367s] Level 5:colcon.colcon_core.verb:set package 'safeplan_ros2' build argument 'cmake_force_configure' from command line to 'False'
[0.367s] Level 5:colcon.colcon_core.verb:set package 'safeplan_ros2' build argument 'ament_cmake_args' from command line to 'None'
[0.367s] Level 5:colcon.colcon_core.verb:set package 'safeplan_ros2' build argument 'catkin_cmake_args' from command line to 'None'
[0.367s] Level 5:colcon.colcon_core.verb:set package 'safeplan_ros2' build argument 'catkin_skip_building_tests' from command line to 'False'
[0.367s] DEBUG:colcon.colcon_core.verb:Building package 'safeplan_ros2' with the following arguments: {'ament_cmake_args': None, 'build_base': '/home/jatinarora/nav2_safeplan/build/safeplan_ros2', 'catkin_cmake_args': None, 'catkin_skip_building_tests': False, 'cmake_args': None, 'cmake_clean_cache': False, 'cmake_clean_first': False, 'cmake_force_configure': False, 'cmake_target': None, 'cmake_target_skip_unavailable': False, 'install_base': '/home/jatinarora/nav2_safeplan/install/safeplan_ros2', 'merge_install': False, 'path': '/home/jatinarora/nav2_safeplan/src/safeplan_ros2', 'symlink_install': False, 'test_result_base': None}
[0.367s] INFO:colcon.colcon_core.executor:Executing jobs using 'parallel' executor
[0.368s] DEBUG:colcon.colcon_parallel_executor.executor.parallel:run_until_complete
[0.368s] INFO:colcon.colcon_ros.task.ament_cmake.build:Building ROS package in '/home/jatinarora/nav2_safeplan/src/nav2_straightline_planner' with build type 'ament_cmake'
[0.368s] INFO:colcon.colcon_cmake.task.cmake.build:Building CMake package in '/home/jatinarora/nav2_safeplan/src/nav2_straightline_planner'
[0.371s] INFO:colcon.colcon_core.plugin_system:Skipping extension 'colcon_core.shell.bat': Not used on non-Windows systems
[0.371s] INFO:colcon.colcon_core.shell:Skip shell extension 'powershell' for command environment: Not usable outside of PowerShell
[0.371s] DEBUG:colcon.colcon_core.shell:Skip shell extension 'dsv' for command environment
[0.373s] INFO:colcon.colcon_ros.task.ament_python.build:Building ROS package in '/home/jatinarora/nav2_safeplan/src/safeplan_ros2' with build type 'ament_python'
[0.373s] Level 1:colcon.colcon_core.shell:create_environment_hook('safeplan_ros2', 'ament_prefix_path')
[0.373s] INFO:colcon.colcon_core.shell:Creating environment hook '/home/jatinarora/nav2_safeplan/install/safeplan_ros2/share/safeplan_ros2/hook/ament_prefix_path.ps1'
[0.374s] INFO:colcon.colcon_core.shell:Creating environment descriptor '/home/jatinarora/nav2_safeplan/install/safeplan_ros2/share/safeplan_ros2/hook/ament_prefix_path.dsv'
[0.374s] INFO:colcon.colcon_core.shell:Creating environment hook '/home/jatinarora/nav2_safeplan/install/safeplan_ros2/share/safeplan_ros2/hook/ament_prefix_path.sh'
[0.375s] INFO:colcon.colcon_core.shell:Skip shell extension 'powershell' for command environment: Not usable outside of PowerShell
[0.375s] DEBUG:colcon.colcon_core.shell:Skip shell extension 'dsv' for command environment
[0.378s] DEBUG:colcon.colcon_core.event_handler.log_command:Invoking command in '/home/jatinarora/nav2_safeplan/build/nav2_straightline_planner': CMAKE_PREFIX_PATH=${CMAKE_PREFIX_PATH}:/home/jatinarora/acil_turtlebot_code/install/robot_control:/home/jatinarora/turtlebot3_ws/install/turtlebot3_teleop:/home/jatinarora/turtlebot3_ws/install/turtlebot3_example:/home/jatinarora/turtlebot3_ws/install/turtlebot3_dqn:/home/jatinarora/nav2_safeplan/install/safeplan_ros2:/opt/ros/humble /usr/bin/cmake /home/jatinarora/nav2_safeplan/src/nav2_straightline_planner -DCMAKE_INSTALL_PREFIX=/home/jatinarora/nav2_safeplan/install/nav2_straightline_planner
[0.525s] WARNING:colcon.colcon_ros.task.ament_python.build:Package 'safeplan_ros2' doesn't explicitly install a marker in the package index (colcon-ros currently does it implicitly but that fallback will be removed in the future)
[0.525s] WARNING:colcon.colcon_ros.task.ament_python.build:Package 'safeplan_ros2' doesn't explicitly install the 'package.xml' file (colcon-ros currently does it implicitly but that fallback will be removed in the future)
[0.525s] INFO:colcon.colcon_core.task.python.build:Building Python package in '/home/jatinarora/nav2_safeplan/src/safeplan_ros2'
[0.525s] INFO:colcon.colcon_core.shell:Skip shell extension 'powershell' for command environment: Not usable outside of PowerShell
[0.525s] DEBUG:colcon.colcon_core.shell:Skip shell extension 'dsv' for command environment
[0.772s] DEBUG:colcon.colcon_core.event_handler.log_command:Invoking command in '/home/jatinarora/nav2_safeplan/src/safeplan_ros2': PYTHONPATH=/home/jatinarora/nav2_safeplan/build/safeplan_ros2/prefix_override:/usr/lib/python3/dist-packages/colcon_core/task/python/colcon_distutils_commands:/home/jatinarora/nav2_safeplan/install/safeplan_ros2/lib/python3.10/site-packages:${PYTHONPATH} /usr/bin/python3 -W ignore:setup.py install is deprecated -W ignore:easy_install command is deprecated setup.py egg_info --egg-base ../../build/safeplan_ros2 build --build-base /home/jatinarora/nav2_safeplan/build/safeplan_ros2/build install --record /home/jatinarora/nav2_safeplan/build/safeplan_ros2/install.log --single-version-externally-managed install_data
[0.928s] DEBUG:colcon.colcon_core.event_handler.log_command:Invoked command in '/home/jatinarora/nav2_safeplan/src/safeplan_ros2' returned '0': PYTHONPATH=/home/jatinarora/nav2_safeplan/build/safeplan_ros2/prefix_override:/usr/lib/python3/dist-packages/colcon_core/task/python/colcon_distutils_commands:/home/jatinarora/nav2_safeplan/install/safeplan_ros2/lib/python3.10/site-packages:${PYTHONPATH} /usr/bin/python3 -W ignore:setup.py install is deprecated -W ignore:easy_install command is deprecated setup.py egg_info --egg-base ../../build/safeplan_ros2 build --build-base /home/jatinarora/nav2_safeplan/build/safeplan_ros2/build install --record /home/jatinarora/nav2_safeplan/build/safeplan_ros2/install.log --single-version-externally-managed install_data
[0.932s] Level 1:colcon.colcon_core.environment:checking '/home/jatinarora/nav2_safeplan/install/safeplan_ros2' for CMake module files
[0.933s] Level 1:colcon.colcon_core.environment:checking '/home/jatinarora/nav2_safeplan/install/safeplan_ros2' for CMake config files
[0.933s] Level 1:colcon.colcon_core.environment:checking '/home/jatinarora/nav2_safeplan/install/safeplan_ros2/lib'
[0.933s] Level 1:colcon.colcon_core.environment:checking '/home/jatinarora/nav2_safeplan/install/safeplan_ros2/bin'
[0.933s] Level 1:colcon.colcon_core.environment:checking '/home/jatinarora/nav2_safeplan/install/safeplan_ros2/lib/pkgconfig/safeplan_ros2.pc'
[0.933s] Level 1:colcon.colcon_core.environment:checking '/home/jatinarora/nav2_safeplan/install/safeplan_ros2/lib/python3.10/site-packages'
[0.933s] Level 1:colcon.colcon_core.shell:create_environment_hook('safeplan_ros2', 'pythonpath')
[0.933s] INFO:colcon.colcon_core.shell:Creating environment hook '/home/jatinarora/nav2_safeplan/install/safeplan_ros2/share/safeplan_ros2/hook/pythonpath.ps1'
[0.934s] INFO:colcon.colcon_core.shell:Creating environment descriptor '/home/jatinarora/nav2_safeplan/install/safeplan_ros2/share/safeplan_ros2/hook/pythonpath.dsv'
[0.934s] INFO:colcon.colcon_core.shell:Creating environment hook '/home/jatinarora/nav2_safeplan/install/safeplan_ros2/share/safeplan_ros2/hook/pythonpath.sh'
[0.934s] Level 1:colcon.colcon_core.environment:checking '/home/jatinarora/nav2_safeplan/install/safeplan_ros2/bin'
[0.934s] Level 1:colcon.colcon_core.environment:create_environment_scripts_only(safeplan_ros2)
[0.934s] INFO:colcon.colcon_core.shell:Creating package script '/home/jatinarora/nav2_safeplan/install/safeplan_ros2/share/safeplan_ros2/package.ps1'
[0.935s] INFO:colcon.colcon_core.shell:Creating package descriptor '/home/jatinarora/nav2_safeplan/install/safeplan_ros2/share/safeplan_ros2/package.dsv'
[0.935s] INFO:colcon.colcon_core.shell:Creating package script '/home/jatinarora/nav2_safeplan/install/safeplan_ros2/share/safeplan_ros2/package.sh'
[0.936s] INFO:colcon.colcon_core.shell:Creating package script '/home/jatinarora/nav2_safeplan/install/safeplan_ros2/share/safeplan_ros2/package.bash'
[0.936s] INFO:colcon.colcon_core.shell:Creating package script '/home/jatinarora/nav2_safeplan/install/safeplan_ros2/share/safeplan_ros2/package.zsh'
[0.937s] Level 1:colcon.colcon_core.environment:create_file_with_runtime_dependencies(/home/jatinarora/nav2_safeplan/install/safeplan_ros2/share/colcon-core/packages/safeplan_ros2)
[1.786s] DEBUG:colcon.colcon_core.event_handler.log_command:Invoked command in '/home/jatinarora/nav2_safeplan/build/nav2_straightline_planner' returned '0': CMAKE_PREFIX_PATH=${CMAKE_PREFIX_PATH}:/home/jatinarora/acil_turtlebot_code/install/robot_control:/home/jatinarora/turtlebot3_ws/install/turtlebot3_teleop:/home/jatinarora/turtlebot3_ws/install/turtlebot3_example:/home/jatinarora/turtlebot3_ws/install/turtlebot3_dqn:/home/jatinarora/nav2_safeplan/install/safeplan_ros2:/opt/ros/humble /usr/bin/cmake /home/jatinarora/nav2_safeplan/src/nav2_straightline_planner -DCMAKE_INSTALL_PREFIX=/home/jatinarora/nav2_safeplan/install/nav2_straightline_planner
[1.787s] DEBUG:colcon.colcon_core.event_handler.log_command:Invoking command in '/home/jatinarora/nav2_safeplan/build/nav2_straightline_planner': CMAKE_PREFIX_PATH=${CMAKE_PREFIX_PATH}:/home/jatinarora/acil_turtlebot_code/install/robot_control:/home/jatinarora/turtlebot3_ws/install/turtlebot3_teleop:/home/jatinarora/turtlebot3_ws/install/turtlebot3_example:/home/jatinarora/turtlebot3_ws/install/turtlebot3_dqn:/home/jatinarora/nav2_safeplan/install/safeplan_ros2:/opt/ros/humble /usr/bin/cmake --build /home/jatinarora/nav2_safeplan/build/nav2_straightline_planner -- -j20 -l20
[8.784s] DEBUG:colcon.colcon_core.event_handler.log_command:Invoked command in '/home/jatinarora/nav2_safeplan/build/nav2_straightline_planner' returned '0': CMAKE_PREFIX_PATH=${CMAKE_PREFIX_PATH}:/home/jatinarora/acil_turtlebot_code/install/robot_control:/home/jatinarora/turtlebot3_ws/install/turtlebot3_teleop:/home/jatinarora/turtlebot3_ws/install/turtlebot3_example:/home/jatinarora/turtlebot3_ws/install/turtlebot3_dqn:/home/jatinarora/nav2_safeplan/install/safeplan_ros2:/opt/ros/humble /usr/bin/cmake --build /home/jatinarora/nav2_safeplan/build/nav2_straightline_planner -- -j20 -l20
[8.792s] DEBUG:colcon.colcon_core.event_handler.log_command:Invoking command in '/home/jatinarora/nav2_safeplan/build/nav2_straightline_planner': CMAKE_PREFIX_PATH=${CMAKE_PREFIX_PATH}:/home/jatinarora/acil_turtlebot_code/install/robot_control:/home/jatinarora/turtlebot3_ws/install/turtlebot3_teleop:/home/jatinarora/turtlebot3_ws/install/turtlebot3_example:/home/jatinarora/turtlebot3_ws/install/turtlebot3_dqn:/home/jatinarora/nav2_safeplan/install/safeplan_ros2:/opt/ros/humble /usr/bin/cmake --install /home/jatinarora/nav2_safeplan/build/nav2_straightline_planner
[8.805s] Level 1:colcon.colcon_core.environment:create_environment_scripts_only(nav2_straightline_planner)
[8.805s] DEBUG:colcon.colcon_core.event_handler.log_command:Invoked command in '/home/jatinarora/nav2_safeplan/build/nav2_straightline_planner' returned '0': CMAKE_PREFIX_PATH=${CMAKE_PREFIX_PATH}:/home/jatinarora/acil_turtlebot_code/install/robot_control:/home/jatinarora/turtlebot3_ws/install/turtlebot3_teleop:/home/jatinarora/turtlebot3_ws/install/turtlebot3_example:/home/jatinarora/turtlebot3_ws/install/turtlebot3_dqn:/home/jatinarora/nav2_safeplan/install/safeplan_ros2:/opt/ros/humble /usr/bin/cmake --install /home/jatinarora/nav2_safeplan/build/nav2_straightline_planner
[8.805s] Level 1:colcon.colcon_core.environment:checking '/home/jatinarora/nav2_safeplan/install/nav2_straightline_planner' for CMake module files
[8.806s] Level 1:colcon.colcon_core.environment:checking '/home/jatinarora/nav2_safeplan/install/nav2_straightline_planner' for CMake config files
[8.806s] Level 1:colcon.colcon_core.shell:create_environment_hook('nav2_straightline_planner', 'cmake_prefix_path')
[8.806s] INFO:colcon.colcon_core.shell:Creating environment hook '/home/jatinarora/nav2_safeplan/install/nav2_straightline_planner/share/nav2_straightline_planner/hook/cmake_prefix_path.ps1'
[8.806s] INFO:colcon.colcon_core.shell:Creating environment descriptor '/home/jatinarora/nav2_safeplan/install/nav2_straightline_planner/share/nav2_straightline_planner/hook/cmake_prefix_path.dsv'
[8.807s] INFO:colcon.colcon_core.shell:Creating environment hook '/home/jatinarora/nav2_safeplan/install/nav2_straightline_planner/share/nav2_straightline_planner/hook/cmake_prefix_path.sh'
[8.807s] Level 1:colcon.colcon_core.environment:checking '/home/jatinarora/nav2_safeplan/install/nav2_straightline_planner/lib'
[8.807s] Level 1:colcon.colcon_core.shell:create_environment_hook('nav2_straightline_planner', 'ld_library_path_lib')
[8.807s] INFO:colcon.colcon_core.shell:Creating environment hook '/home/jatinarora/nav2_safeplan/install/nav2_straightline_planner/share/nav2_straightline_planner/hook/ld_library_path_lib.ps1'
[8.807s] INFO:colcon.colcon_core.shell:Creating environment descriptor '/home/jatinarora/nav2_safeplan/install/nav2_straightline_planner/share/nav2_straightline_planner/hook/ld_library_path_lib.dsv'
[8.807s] INFO:colcon.colcon_core.shell:Creating environment hook '/home/jatinarora/nav2_safeplan/install/nav2_straightline_planner/share/nav2_straightline_planner/hook/ld_library_path_lib.sh'
[8.808s] Level 1:colcon.colcon_core.environment:checking '/home/jatinarora/nav2_safeplan/install/nav2_straightline_planner/bin'
[8.808s] Level 1:colcon.colcon_core.environment:checking '/home/jatinarora/nav2_safeplan/install/nav2_straightline_planner/lib/pkgconfig/nav2_straightline_planner.pc'
[8.808s] Level 1:colcon.colcon_core.environment:checking '/home/jatinarora/nav2_safeplan/install/nav2_straightline_planner/lib/python3.10/site-packages'
[8.808s] Level 1:colcon.colcon_core.environment:checking '/home/jatinarora/nav2_safeplan/install/nav2_straightline_planner/bin'
[8.808s] INFO:colcon.colcon_core.shell:Creating package script '/home/jatinarora/nav2_safeplan/install/nav2_straightline_planner/share/nav2_straightline_planner/package.ps1'
[8.808s] INFO:colcon.colcon_core.shell:Creating package descriptor '/home/jatinarora/nav2_safeplan/install/nav2_straightline_planner/share/nav2_straightline_planner/package.dsv'
[8.809s] INFO:colcon.colcon_core.shell:Creating package script '/home/jatinarora/nav2_safeplan/install/nav2_straightline_planner/share/nav2_straightline_planner/package.sh'
[8.809s] INFO:colcon.colcon_core.shell:Creating package script '/home/jatinarora/nav2_safeplan/install/nav2_straightline_planner/share/nav2_straightline_planner/package.bash'
[8.809s] INFO:colcon.colcon_core.shell:Creating package script '/home/jatinarora/nav2_safeplan/install/nav2_straightline_planner/share/nav2_straightline_planner/package.zsh'
[8.810s] Level 1:colcon.colcon_core.environment:create_file_with_runtime_dependencies(/home/jatinarora/nav2_safeplan/install/nav2_straightline_planner/share/colcon-core/packages/nav2_straightline_planner)
[8.810s] Level 1:colcon.colcon_core.environment:create_environment_scripts_only(nav2_straightline_planner)
[8.810s] Level 1:colcon.colcon_core.environment:checking '/home/jatinarora/nav2_safeplan/install/nav2_straightline_planner' for CMake module files
[8.810s] Level 1:colcon.colcon_core.environment:checking '/home/jatinarora/nav2_safeplan/install/nav2_straightline_planner' for CMake config files
[8.810s] Level 1:colcon.colcon_core.shell:create_environment_hook('nav2_straightline_planner', 'cmake_prefix_path')
[8.810s] INFO:colcon.colcon_core.shell:Creating environment hook '/home/jatinarora/nav2_safeplan/install/nav2_straightline_planner/share/nav2_straightline_planner/hook/cmake_prefix_path.ps1'
[8.810s] INFO:colcon.colcon_core.shell:Creating environment descriptor '/home/jatinarora/nav2_safeplan/install/nav2_straightline_planner/share/nav2_straightline_planner/hook/cmake_prefix_path.dsv'
[8.811s] INFO:colcon.colcon_core.shell:Creating environment hook '/home/jatinarora/nav2_safeplan/install/nav2_straightline_planner/share/nav2_straightline_planner/hook/cmake_prefix_path.sh'
[8.811s] Level 1:colcon.colcon_core.environment:checking '/home/jatinarora/nav2_safeplan/install/nav2_straightline_planner/lib'
[8.811s] Level 1:colcon.colcon_core.shell:create_environment_hook('nav2_straightline_planner', 'ld_library_path_lib')
[8.811s] INFO:colcon.colcon_core.shell:Creating environment hook '/home/jatinarora/nav2_safeplan/install/nav2_straightline_planner/share/nav2_straightline_planner/hook/ld_library_path_lib.ps1'
[8.811s] INFO:colcon.colcon_core.shell:Creating environment descriptor '/home/jatinarora/nav2_safeplan/install/nav2_straightline_planner/share/nav2_straightline_planner/hook/ld_library_path_lib.dsv'
[8.811s] INFO:colcon.colcon_core.shell:Creating environment hook '/home/jatinarora/nav2_safeplan/install/nav2_straightline_planner/share/nav2_straightline_planner/hook/ld_library_path_lib.sh'
[8.811s] Level 1:colcon.colcon_core.environment:checking '/home/jatinarora/nav2_safeplan/install/nav2_straightline_planner/bin'
[8.811s] Level 1:colcon.colcon_core.environment:checking '/home/jatinarora/nav2_safeplan/install/nav2_straightline_planner/lib/pkgconfig/nav2_straightline_planner.pc'
[8.812s] Level 1:colcon.colcon_core.environment:checking '/home/jatinarora/nav2_safeplan/install/nav2_straightline_planner/lib/python3.10/site-packages'
[8.812s] Level 1:colcon.colcon_core.environment:checking '/home/jatinarora/nav2_safeplan/install/nav2_straightline_planner/bin'
[8.812s] INFO:colcon.colcon_core.shell:Creating package script '/home/jatinarora/nav2_safeplan/install/nav2_straightline_planner/share/nav2_straightline_planner/package.ps1'
[8.812s] INFO:colcon.colcon_core.shell:Creating package descriptor '/home/jatinarora/nav2_safeplan/install/nav2_straightline_planner/share/nav2_straightline_planner/package.dsv'
[8.812s] INFO:colcon.colcon_core.shell:Creating package script '/home/jatinarora/nav2_safeplan/install/nav2_straightline_planner/share/nav2_straightline_planner/package.sh'
[8.812s] INFO:colcon.colcon_core.shell:Creating package script '/home/jatinarora/nav2_safeplan/install/nav2_straightline_planner/share/nav2_straightline_planner/package.bash'
[8.813s] INFO:colcon.colcon_core.shell:Creating package script '/home/jatinarora/nav2_safeplan/install/nav2_straightline_planner/share/nav2_straightline_planner/package.zsh'
[8.813s] Level 1:colcon.colcon_core.environment:create_file_with_runtime_dependencies(/home/jatinarora/nav2_safeplan/install/nav2_straightline_planner/share/colcon-core/packages/nav2_straightline_planner)
[8.813s] DEBUG:colcon.colcon_parallel_executor.executor.parallel:closing loop
[8.813s] DEBUG:colcon.colcon_parallel_executor.executor.parallel:loop closed
[8.813s] DEBUG:colcon.colcon_parallel_executor.executor.parallel:run_until_complete finished with '0'
[8.813s] DEBUG:colcon.colcon_core.event_reactor:joining thread
[8.818s] INFO:colcon.colcon_core.plugin_system:Skipping extension 'colcon_notification.desktop_notification.terminal_notifier': Not used on non-Darwin systems
[8.818s] INFO:colcon.colcon_core.plugin_system:Skipping extension 'colcon_notification.desktop_notification.win32': Not used on non-Windows systems
[8.818s] INFO:colcon.colcon_notification.desktop_notification:Sending desktop notification using 'notify2'
[8.851s] DEBUG:colcon.colcon_core.event_reactor:joined thread
[8.851s] INFO:colcon.colcon_core.shell:Creating prefix script '/home/jatinarora/nav2_safeplan/install/local_setup.ps1'
[8.852s] INFO:colcon.colcon_core.shell:Creating prefix util module '/home/jatinarora/nav2_safeplan/install/_local_setup_util_ps1.py'
[8.853s] INFO:colcon.colcon_core.shell:Creating prefix chain script '/home/jatinarora/nav2_safeplan/install/setup.ps1'
[8.858s] INFO:colcon.colcon_core.shell:Creating prefix script '/home/jatinarora/nav2_safeplan/install/local_setup.sh'
[8.859s] INFO:colcon.colcon_core.shell:Creating prefix util module '/home/jatinarora/nav2_safeplan/install/_local_setup_util_sh.py'
[8.859s] INFO:colcon.colcon_core.shell:Creating prefix chain script '/home/jatinarora/nav2_safeplan/install/setup.sh'
[8.861s] INFO:colcon.colcon_core.shell:Creating prefix script '/home/jatinarora/nav2_safeplan/install/local_setup.bash'
[8.861s] INFO:colcon.colcon_core.shell:Creating prefix chain script '/home/jatinarora/nav2_safeplan/install/setup.bash'
[8.863s] INFO:colcon.colcon_core.shell:Creating prefix script '/home/jatinarora/nav2_safeplan/install/local_setup.zsh'
[8.863s] INFO:colcon.colcon_core.shell:Creating prefix chain script '/home/jatinarora/nav2_safeplan/install/setup.zsh'
