running egg_info
creating ../../build/safeplan_ros2/safeplan_ros2.egg-info
writing ../../build/safeplan_ros2/safeplan_ros2.egg-info/PKG-INFO
writing dependency_links to ../../build/safeplan_ros2/safeplan_ros2.egg-info/dependency_links.txt
writing entry points to ../../build/safeplan_ros2/safeplan_ros2.egg-info/entry_points.txt
writing requirements to ../../build/safeplan_ros2/safeplan_ros2.egg-info/requires.txt
writing top-level names to ../../build/safeplan_ros2/safeplan_ros2.egg-info/top_level.txt
writing manifest file '../../build/safeplan_ros2/safeplan_ros2.egg-info/SOURCES.txt'
reading manifest file '../../build/safeplan_ros2/safeplan_ros2.egg-info/SOURCES.txt'
writing manifest file '../../build/safeplan_ros2/safeplan_ros2.egg-info/SOURCES.txt'
running build
running build_py
creating /home/jatinarora/nav2_safeplan/build/safeplan_ros2/build
creating /home/jatinarora/nav2_safeplan/build/safeplan_ros2/build/lib
creating /home/jatinarora/nav2_safeplan/build/safeplan_ros2/build/lib/safeplan_ros2
copying safeplan_ros2/__init__.py -> /home/jatinarora/nav2_safeplan/build/safeplan_ros2/build/lib/safeplan_ros2
copying safeplan_ros2/safeplan_ros2_node.py -> /home/jatinarora/nav2_safeplan/build/safeplan_ros2/build/lib/safeplan_ros2
copying safeplan_ros2/planner_factory.py -> /home/jatinarora/nav2_safeplan/build/safeplan_ros2/build/lib/safeplan_ros2
running install
running install_lib
creating /home/jatinarora/nav2_safeplan/install/safeplan_ros2/lib/python3.10/site-packages/safeplan_ros2
copying /home/jatinarora/nav2_safeplan/build/safeplan_ros2/build/lib/safeplan_ros2/__init__.py -> /home/jatinarora/nav2_safeplan/install/safeplan_ros2/lib/python3.10/site-packages/safeplan_ros2
copying /home/jatinarora/nav2_safeplan/build/safeplan_ros2/build/lib/safeplan_ros2/safeplan_ros2_node.py -> /home/jatinarora/nav2_safeplan/install/safeplan_ros2/lib/python3.10/site-packages/safeplan_ros2
copying /home/jatinarora/nav2_safeplan/build/safeplan_ros2/build/lib/safeplan_ros2/planner_factory.py -> /home/jatinarora/nav2_safeplan/install/safeplan_ros2/lib/python3.10/site-packages/safeplan_ros2
byte-compiling /home/jatinarora/nav2_safeplan/install/safeplan_ros2/lib/python3.10/site-packages/safeplan_ros2/__init__.py to __init__.cpython-310.pyc
byte-compiling /home/jatinarora/nav2_safeplan/install/safeplan_ros2/lib/python3.10/site-packages/safeplan_ros2/safeplan_ros2_node.py to safeplan_ros2_node.cpython-310.pyc
byte-compiling /home/jatinarora/nav2_safeplan/install/safeplan_ros2/lib/python3.10/site-packages/safeplan_ros2/planner_factory.py to planner_factory.cpython-310.pyc
running install_data
creating /home/jatinarora/nav2_safeplan/install/safeplan_ros2/share/safeplan_ros2/launch
copying launch/safe_planner_launch.py -> /home/jatinarora/nav2_safeplan/install/safeplan_ros2/share/safeplan_ros2/launch
creating /home/jatinarora/nav2_safeplan/install/safeplan_ros2/share/safeplan_ros2/config
copying config/algos.yaml -> /home/jatinarora/nav2_safeplan/install/safeplan_ros2/share/safeplan_ros2/config
copying resource/safeplan_ros2 -> /home/jatinarora/nav2_safeplan/install/safeplan_ros2/share/safeplan_ros2
running install_egg_info
Copying ../../build/safeplan_ros2/safeplan_ros2.egg-info to /home/jatinarora/nav2_safeplan/install/safeplan_ros2/lib/python3.10/site-packages/safeplan_ros2-0.0.1-py3.10.egg-info
running install_scripts
Installing safeplan_ros2_node script to /home/jatinarora/nav2_safeplan/install/safeplan_ros2/lib/safeplan_ros2
writing list of installed files to '/home/jatinarora/nav2_safeplan/build/safeplan_ros2/install.log'
