[0.398s] Invoking command in '/home/jatinarora/nav2_safeplan/src/safeplan_ros2': PYTHONPATH=/home/jatinarora/nav2_safeplan/build/safeplan_ros2/prefix_override:/usr/lib/python3/dist-packages/colcon_core/task/python/colcon_distutils_commands:/home/jatinarora/nav2_safeplan/install/safeplan_ros2/lib/python3.10/site-packages:${PYTHONPATH} /usr/bin/python3 -W ignore:setup.py install is deprecated -W ignore:easy_install command is deprecated setup.py egg_info --egg-base ../../build/safeplan_ros2 build --build-base /home/jatinarora/nav2_safeplan/build/safeplan_ros2/build install --record /home/jatinarora/nav2_safeplan/build/safeplan_ros2/install.log --single-version-externally-managed install_data
[0.524s] running egg_info
[0.525s] creating ../../build/safeplan_ros2/safeplan_ros2.egg-info
[0.525s] writing ../../build/safeplan_ros2/safeplan_ros2.egg-info/PKG-INFO
[0.525s] writing dependency_links to ../../build/safeplan_ros2/safeplan_ros2.egg-info/dependency_links.txt
[0.525s] writing entry points to ../../build/safeplan_ros2/safeplan_ros2.egg-info/entry_points.txt
[0.525s] writing requirements to ../../build/safeplan_ros2/safeplan_ros2.egg-info/requires.txt
[0.525s] writing top-level names to ../../build/safeplan_ros2/safeplan_ros2.egg-info/top_level.txt
[0.525s] writing manifest file '../../build/safeplan_ros2/safeplan_ros2.egg-info/SOURCES.txt'
[0.526s] reading manifest file '../../build/safeplan_ros2/safeplan_ros2.egg-info/SOURCES.txt'
[0.526s] writing manifest file '../../build/safeplan_ros2/safeplan_ros2.egg-info/SOURCES.txt'
[0.526s] running build
[0.526s] running build_py
[0.527s] creating /home/jatinarora/nav2_safeplan/build/safeplan_ros2/build
[0.527s] creating /home/jatinarora/nav2_safeplan/build/safeplan_ros2/build/lib
[0.527s] creating /home/jatinarora/nav2_safeplan/build/safeplan_ros2/build/lib/safeplan_ros2
[0.527s] copying safeplan_ros2/__init__.py -> /home/jatinarora/nav2_safeplan/build/safeplan_ros2/build/lib/safeplan_ros2
[0.527s] copying safeplan_ros2/safeplan_ros2_node.py -> /home/jatinarora/nav2_safeplan/build/safeplan_ros2/build/lib/safeplan_ros2
[0.527s] copying safeplan_ros2/planner_factory.py -> /home/jatinarora/nav2_safeplan/build/safeplan_ros2/build/lib/safeplan_ros2
[0.527s] running install
[0.527s] running install_lib
[0.527s] creating /home/jatinarora/nav2_safeplan/install/safeplan_ros2/lib/python3.10/site-packages/safeplan_ros2
[0.527s] copying /home/jatinarora/nav2_safeplan/build/safeplan_ros2/build/lib/safeplan_ros2/__init__.py -> /home/jatinarora/nav2_safeplan/install/safeplan_ros2/lib/python3.10/site-packages/safeplan_ros2
[0.527s] copying /home/jatinarora/nav2_safeplan/build/safeplan_ros2/build/lib/safeplan_ros2/safeplan_ros2_node.py -> /home/jatinarora/nav2_safeplan/install/safeplan_ros2/lib/python3.10/site-packages/safeplan_ros2
[0.527s] copying /home/jatinarora/nav2_safeplan/build/safeplan_ros2/build/lib/safeplan_ros2/planner_factory.py -> /home/jatinarora/nav2_safeplan/install/safeplan_ros2/lib/python3.10/site-packages/safeplan_ros2
[0.527s] byte-compiling /home/jatinarora/nav2_safeplan/install/safeplan_ros2/lib/python3.10/site-packages/safeplan_ros2/__init__.py to __init__.cpython-310.pyc
[0.528s] byte-compiling /home/jatinarora/nav2_safeplan/install/safeplan_ros2/lib/python3.10/site-packages/safeplan_ros2/safeplan_ros2_node.py to safeplan_ros2_node.cpython-310.pyc
[0.528s] byte-compiling /home/jatinarora/nav2_safeplan/install/safeplan_ros2/lib/python3.10/site-packages/safeplan_ros2/planner_factory.py to planner_factory.cpython-310.pyc
[0.528s] running install_data
[0.528s] creating /home/jatinarora/nav2_safeplan/install/safeplan_ros2/share/safeplan_ros2/launch
[0.528s] copying launch/safe_planner_launch.py -> /home/jatinarora/nav2_safeplan/install/safeplan_ros2/share/safeplan_ros2/launch
[0.528s] creating /home/jatinarora/nav2_safeplan/install/safeplan_ros2/share/safeplan_ros2/config
[0.528s] copying config/algos.yaml -> /home/jatinarora/nav2_safeplan/install/safeplan_ros2/share/safeplan_ros2/config
[0.529s] copying resource/safeplan_ros2 -> /home/jatinarora/nav2_safeplan/install/safeplan_ros2/share/safeplan_ros2
[0.529s] running install_egg_info
[0.529s] Copying ../../build/safeplan_ros2/safeplan_ros2.egg-info to /home/jatinarora/nav2_safeplan/install/safeplan_ros2/lib/python3.10/site-packages/safeplan_ros2-0.0.1-py3.10.egg-info
[0.530s] running install_scripts
[0.542s] Installing safeplan_ros2_node script to /home/jatinarora/nav2_safeplan/install/safeplan_ros2/lib/safeplan_ros2
[0.542s] writing list of installed files to '/home/jatinarora/nav2_safeplan/build/safeplan_ros2/install.log'
[0.555s] Invoked command in '/home/jatinarora/nav2_safeplan/src/safeplan_ros2' returned '0': PYTHONPATH=/home/jatinarora/nav2_safeplan/build/safeplan_ros2/prefix_override:/usr/lib/python3/dist-packages/colcon_core/task/python/colcon_distutils_commands:/home/jatinarora/nav2_safeplan/install/safeplan_ros2/lib/python3.10/site-packages:${PYTHONPATH} /usr/bin/python3 -W ignore:setup.py install is deprecated -W ignore:easy_install command is deprecated setup.py egg_info --egg-base ../../build/safeplan_ros2 build --build-base /home/jatinarora/nav2_safeplan/build/safeplan_ros2/build install --record /home/jatinarora/nav2_safeplan/build/safeplan_ros2/install.log --single-version-externally-managed install_data
